2025-11-28 18:12:58.821 | INFO  | Timestamp: 2025-11-28 18:12:58.725 | User: anonymousUser | Operation: AuthWebService.registerUser(..) | Parameters: [RegisterRequest(username=lucas, password=1234)] | Execution Time: 94ms
2025-11-28 18:13:00.528 | INFO  | Timestamp: 2025-11-28 18:13:00.343 | User: anonymousUser | Operation: AuthWebService.authenticateUser(..) | Parameters: [LoginRequest(username=lucas, password=1234)] | Execution Time: 185ms
2025-11-28 18:14:15.724 | INFO  | Timestamp: 2025-11-28 18:14:14.905 | User: lucas | Operation: TeamController.getTeamWithPlayers(..) | Parameters: [889] | Execution Time: 819ms
2025-11-28 18:21:07.059 | INFO  | Timestamp: 2025-11-28 18:21:06.966 | User: anonymousUser | Operation: AuthWebService.registerUser(..) | Parameters: [RegisterRequest(username=lucas, password=1234)] | Execution Time: 91ms
2025-11-28 18:21:08.616 | INFO  | Timestamp: 2025-11-28 18:21:08.431 | User: anonymousUser | Operation: AuthWebService.authenticateUser(..) | Parameters: [LoginRequest(username=lucas, password=1234)] | Execution Time: 185ms
2025-11-28 18:21:15.274 | INFO  | Timestamp: 2025-11-28 18:21:14.371 | User: lucas | Operation: TeamController.getTeamWithPlayers(..) | Parameters: [889] | Execution Time: 903ms
2025-11-28 18:22:21.664 | INFO  | Timestamp: 2025-11-28 18:22:21.566 | User: anonymousUser | Operation: AuthWebService.registerUser(..) | Parameters: [RegisterRequest(username=lucas, password=1234)] | Execution Time: 97ms
2025-11-28 18:22:24.483 | INFO  | Timestamp: 2025-11-28 18:22:24.273 | User: anonymousUser | Operation: AuthWebService.authenticateUser(..) | Parameters: [LoginRequest(username=lucas, password=1234)] | Execution Time: 210ms
2025-11-28 18:22:27.868 | INFO  | Timestamp: 2025-11-28 18:22:27.863 | User: lucas | Operation: AuthWebService.getRequestHistory() | Parameters: [] | Execution Time: 5ms
2025-11-28 18:22:35.585 | INFO  | Timestamp: 2025-11-28 18:22:34.586 | User: lucas | Operation: TeamController.getNextMatches(..) | Parameters: [346] | Execution Time: 1000ms
2025-11-28 18:22:41.163 | INFO  | Timestamp: 2025-11-28 18:22:40.800 | User: lucas | Operation: TeamController.getTeamWithPlayers(..) | Parameters: [889] | Execution Time: 363ms
2025-11-28 18:22:42.725 | INFO  | Timestamp: 2025-11-28 18:22:42.711 | User: lucas | Operation: TeamController.getTeamWithPlayers(..) | Parameters: [889] | Execution Time: 14ms
2025-11-28 19:35:47.669 | INFO  | Timestamp: 2025-11-28 19:35:47.208 | User: anonymousUser | Operation: AuthWebService.registerUser(..) | Parameters: [RegisterRequest(username=lucas, password=1234)] | Execution Time: 454ms
2025-11-28 19:35:51.546 | INFO  | Timestamp: 2025-11-28 19:35:51.018 | User: anonymousUser | Operation: AuthWebService.authenticateUser(..) | Parameters: [LoginRequest(username=lucas, password=1234)] | Execution Time: 528ms
2025-11-28 19:36:47.203 | INFO  | Timestamp: 2025-11-28 19:36:45.917 | User: lucas | Operation: TeamController.searchTeams(..) | Parameters: [Brazil] | Execution Time: 1286ms
2025-11-28 19:38:30.841 | INFO  | Timestamp: 2025-11-28 19:38:30.090 | User: lucas | Operation: TeamController.getTeamWithPlayers(..) | Parameters: [409] | Execution Time: 751ms
2025-11-28 19:38:32.771 | INFO  | Timestamp: 2025-11-28 19:38:32.735 | User: lucas | Operation: TeamController.getTeamWithPlayers(..) | Parameters: [409] | Execution Time: 37ms
2025-11-28 19:38:33.623 | INFO  | Timestamp: 2025-11-28 19:38:33.604 | User: lucas | Operation: TeamController.getTeamWithPlayers(..) | Parameters: [409] | Execution Time: 19ms
2025-11-28 19:38:34.224 | INFO  | Timestamp: 2025-11-28 19:38:34.203 | User: lucas | Operation: TeamController.getTeamWithPlayers(..) | Parameters: [409] | Execution Time: 21ms
2025-11-28 19:38:34.803 | INFO  | Timestamp: 2025-11-28 19:38:34.783 | User: lucas | Operation: TeamController.getTeamWithPlayers(..) | Parameters: [409] | Execution Time: 20ms
2025-11-28 19:38:34.979 | INFO  | Timestamp: 2025-11-28 19:38:34.964 | User: lucas | Operation: TeamController.getTeamWithPlayers(..) | Parameters: [409] | Execution Time: 15ms
2025-11-28 19:38:35.253 | INFO  | Timestamp: 2025-11-28 19:38:35.232 | User: lucas | Operation: TeamController.getTeamWithPlayers(..) | Parameters: [409] | Execution Time: 22ms
2025-11-28 19:38:35.528 | INFO  | Timestamp: 2025-11-28 19:38:35.504 | User: lucas | Operation: TeamController.getTeamWithPlayers(..) | Parameters: [409] | Execution Time: 24ms
2025-11-28 19:38:35.739 | INFO  | Timestamp: 2025-11-28 19:38:35.724 | User: lucas | Operation: TeamController.getTeamWithPlayers(..) | Parameters: [409] | Execution Time: 14ms
2025-11-28 19:38:35.991 | INFO  | Timestamp: 2025-11-28 19:38:35.973 | User: lucas | Operation: TeamController.getTeamWithPlayers(..) | Parameters: [409] | Execution Time: 18ms
2025-11-28 19:38:36.173 | INFO  | Timestamp: 2025-11-28 19:38:36.163 | User: lucas | Operation: TeamController.getTeamWithPlayers(..) | Parameters: [409] | Execution Time: 10ms
2025-11-28 19:38:42.839 | ERROR | Timestamp: 2025-11-28 19:38:42.496 | User: lucas | Operation: TeamController.getTeamWithPlayers(..) | Parameters: [265] | Execution Time: 338ms | Status: FAILED | Error: Transaction silently rolled back because it has been marked as rollback-only
2025-11-28 19:38:43.053 | ERROR | Timestamp: 2025-11-28 19:38:42.769 | User: lucas | Operation: TeamController.getTeamWithPlayers(..) | Parameters: [265] | Execution Time: 284ms | Status: FAILED | Error: Transaction silently rolled back because it has been marked as rollback-only
2025-11-28 19:38:43.246 | ERROR | Timestamp: 2025-11-28 19:38:42.964 | User: lucas | Operation: TeamController.getTeamWithPlayers(..) | Parameters: [265] | Execution Time: 282ms | Status: FAILED | Error: Transaction silently rolled back because it has been marked as rollback-only
2025-11-28 19:38:48.110 | INFO  | Timestamp: 2025-11-28 19:38:47.680 | User: lucas | Operation: TeamController.getTeamWithPlayers(..) | Parameters: [365] | Execution Time: 430ms
2025-11-28 19:38:50.379 | INFO  | Timestamp: 2025-11-28 19:38:50.369 | User: lucas | Operation: TeamController.getTeamWithPlayers(..) | Parameters: [365] | Execution Time: 10ms
2025-11-28 19:38:50.649 | INFO  | Timestamp: 2025-11-28 19:38:50.639 | User: lucas | Operation: TeamController.getTeamWithPlayers(..) | Parameters: [365] | Execution Time: 10ms
2025-11-28 19:38:50.859 | INFO  | Timestamp: 2025-11-28 19:38:50.846 | User: lucas | Operation: TeamController.getTeamWithPlayers(..) | Parameters: [365] | Execution Time: 12ms
2025-11-28 19:38:55.837 | INFO  | Timestamp: 2025-11-28 19:38:55.225 | User: lucas | Operation: TeamController.getTeamWithPlayers(..) | Parameters: [336] | Execution Time: 612ms
2025-11-28 19:38:55.879 | ERROR | Timestamp: 2025-11-28 19:38:55.415 | User: lucas | Operation: TeamController.getTeamWithPlayers(..) | Parameters: [336] | Execution Time: 464ms | Status: FAILED | Error: could not execute statement [Violaci贸n de indice de Unicidad 贸 Clave primaria: "PRIMARY KEY ON PUBLIC.TEAMS(ID) ( /* key:336 */ CAST(336 AS BIGINT), 'Germany', 'Germany')"
Unique index or primary key violation: "PRIMARY KEY ON PUBLIC.TEAMS(ID) ( /* key:336 */ CAST(336 AS BIGINT), 'Germany', 'Germany')"; SQL statement:
insert into teams (country,name,id) values (?,?,?) [23505-232]] [insert into teams (country,name,id) values (?,?,?)]; SQL [insert into teams (country,name,id) values (?,?,?)]; constraint [PRIMARY KEY]
2025-11-28 19:38:57.305 | INFO  | Timestamp: 2025-11-28 19:38:57.294 | User: lucas | Operation: TeamController.getTeamWithPlayers(..) | Parameters: [336] | Execution Time: 11ms
2025-11-28 19:38:58.592 | INFO  | Timestamp: 2025-11-28 19:38:58.565 | User: lucas | Operation: TeamController.getTeamWithPlayers(..) | Parameters: [336] | Execution Time: 27ms
2025-11-28 19:39:00.128 | INFO  | Timestamp: 2025-11-28 19:39:00.118 | User: lucas | Operation: TeamController.getTeamWithPlayers(..) | Parameters: [336] | Execution Time: 10ms
2025-11-28 19:39:00.362 | INFO  | Timestamp: 2025-11-28 19:39:00.352 | User: lucas | Operation: TeamController.getTeamWithPlayers(..) | Parameters: [336] | Execution Time: 10ms
2025-11-28 19:39:01.398 | INFO  | Timestamp: 2025-11-28 19:39:01.395 | User: lucas | Operation: TeamController.getTeamWithPlayers(..) | Parameters: [336] | Execution Time: 3ms
2025-11-28 19:39:01.659 | INFO  | Timestamp: 2025-11-28 19:39:01.647 | User: lucas | Operation: TeamController.getTeamWithPlayers(..) | Parameters: [336] | Execution Time: 12ms
2025-11-28 19:39:01.909 | INFO  | Timestamp: 2025-11-28 19:39:01.895 | User: lucas | Operation: TeamController.getTeamWithPlayers(..) | Parameters: [336] | Execution Time: 14ms
2025-11-28 19:39:08.124 | ERROR | Timestamp: 2025-11-28 19:39:07.823 | User: lucas | Operation: TeamController.getTeamWithPlayers(..) | Parameters: [356] | Execution Time: 301ms | Status: FAILED | Error: Transaction silently rolled back because it has been marked as rollback-only
2025-11-28 19:39:10.937 | ERROR | Timestamp: 2025-11-28 19:39:10.649 | User: lucas | Operation: TeamController.getTeamWithPlayers(..) | Parameters: [356] | Execution Time: 288ms | Status: FAILED | Error: Transaction silently rolled back because it has been marked as rollback-only
2025-11-28 19:39:12.123 | ERROR | Timestamp: 2025-11-28 19:39:11.864 | User: lucas | Operation: TeamController.getTeamWithPlayers(..) | Parameters: [356] | Execution Time: 259ms | Status: FAILED | Error: Transaction silently rolled back because it has been marked as rollback-only
2025-11-28 19:39:12.346 | ERROR | Timestamp: 2025-11-28 19:39:12.068 | User: lucas | Operation: TeamController.getTeamWithPlayers(..) | Parameters: [356] | Execution Time: 278ms | Status: FAILED | Error: Transaction silently rolled back because it has been marked as rollback-only
2025-11-28 19:39:13.319 | ERROR | Timestamp: 2025-11-28 19:39:13.045 | User: lucas | Operation: TeamController.getTeamWithPlayers(..) | Parameters: [356] | Execution Time: 274ms | Status: FAILED | Error: Transaction silently rolled back because it has been marked as rollback-only
2025-11-28 19:39:19.569 | ERROR | Timestamp: 2025-11-28 19:39:19.278 | User: lucas | Operation: TeamController.getTeamWithPlayers(..) | Parameters: [386] | Execution Time: 291ms | Status: FAILED | Error: Transaction silently rolled back because it has been marked as rollback-only
2025-11-28 19:39:24.033 | INFO  | Timestamp: 2025-11-28 19:39:23.557 | User: lucas | Operation: TeamController.getTeamWithPlayers(..) | Parameters: [346] | Execution Time: 476ms
2025-11-28 19:39:27.333 | INFO  | Timestamp: 2025-11-28 19:39:27.322 | User: lucas | Operation: TeamController.getTeamWithPlayers(..) | Parameters: [346] | Execution Time: 11ms
2025-11-28 19:40:06.934 | INFO  | Timestamp: 2025-11-28 19:40:06.926 | User: lucas | Operation: TeamController.getTeamWithPlayers(..) | Parameters: [346] | Execution Time: 8ms
2025-11-28 19:40:07.228 | INFO  | Timestamp: 2025-11-28 19:40:07.211 | User: lucas | Operation: TeamController.getTeamWithPlayers(..) | Parameters: [346] | Execution Time: 17ms
2025-11-28 19:40:07.537 | INFO  | Timestamp: 2025-11-28 19:40:07.524 | User: lucas | Operation: TeamController.getTeamWithPlayers(..) | Parameters: [346] | Execution Time: 13ms
2025-11-28 19:40:07.755 | INFO  | Timestamp: 2025-11-28 19:40:07.746 | User: lucas | Operation: TeamController.getTeamWithPlayers(..) | Parameters: [346] | Execution Time: 9ms
2025-11-28 19:40:07.989 | INFO  | Timestamp: 2025-11-28 19:40:07.980 | User: lucas | Operation: TeamController.getTeamWithPlayers(..) | Parameters: [346] | Execution Time: 10ms
2025-11-28 19:40:08.233 | INFO  | Timestamp: 2025-11-28 19:40:08.224 | User: lucas | Operation: TeamController.getTeamWithPlayers(..) | Parameters: [346] | Execution Time: 9ms
2025-11-28 19:40:08.441 | INFO  | Timestamp: 2025-11-28 19:40:08.432 | User: lucas | Operation: TeamController.getTeamWithPlayers(..) | Parameters: [346] | Execution Time: 9ms
2025-11-28 19:40:08.713 | INFO  | Timestamp: 2025-11-28 19:40:08.700 | User: lucas | Operation: TeamController.getTeamWithPlayers(..) | Parameters: [346] | Execution Time: 13ms
2025-11-28 19:40:08.996 | INFO  | Timestamp: 2025-11-28 19:40:08.987 | User: lucas | Operation: TeamController.getTeamWithPlayers(..) | Parameters: [346] | Execution Time: 10ms
2025-11-28 19:40:09.216 | INFO  | Timestamp: 2025-11-28 19:40:09.213 | User: lucas | Operation: TeamController.getTeamWithPlayers(..) | Parameters: [346] | Execution Time: 3ms
2025-11-28 19:40:09.442 | INFO  | Timestamp: 2025-11-28 19:40:09.434 | User: lucas | Operation: TeamController.getTeamWithPlayers(..) | Parameters: [346] | Execution Time: 8ms
2025-11-28 19:40:09.701 | INFO  | Timestamp: 2025-11-28 19:40:09.690 | User: lucas | Operation: TeamController.getTeamWithPlayers(..) | Parameters: [346] | Execution Time: 11ms
2025-11-28 19:40:09.957 | INFO  | Timestamp: 2025-11-28 19:40:09.939 | User: lucas | Operation: TeamController.getTeamWithPlayers(..) | Parameters: [346] | Execution Time: 18ms
2025-11-28 19:40:10.125 | INFO  | Timestamp: 2025-11-28 19:40:10.115 | User: lucas | Operation: TeamController.getTeamWithPlayers(..) | Parameters: [346] | Execution Time: 10ms
2025-11-28 19:40:10.332 | INFO  | Timestamp: 2025-11-28 19:40:10.328 | User: lucas | Operation: TeamController.getTeamWithPlayers(..) | Parameters: [346] | Execution Time: 4ms
2025-11-28 19:40:10.521 | INFO  | Timestamp: 2025-11-28 19:40:10.511 | User: lucas | Operation: TeamController.getTeamWithPlayers(..) | Parameters: [346] | Execution Time: 10ms
2025-11-28 19:40:10.688 | INFO  | Timestamp: 2025-11-28 19:40:10.679 | User: lucas | Operation: TeamController.getTeamWithPlayers(..) | Parameters: [346] | Execution Time: 9ms
2025-11-28 19:40:10.857 | INFO  | Timestamp: 2025-11-28 19:40:10.845 | User: lucas | Operation: TeamController.getTeamWithPlayers(..) | Parameters: [346] | Execution Time: 12ms
2025-11-28 19:40:11.094 | INFO  | Timestamp: 2025-11-28 19:40:11.088 | User: lucas | Operation: TeamController.getTeamWithPlayers(..) | Parameters: [346] | Execution Time: 6ms
2025-11-28 19:40:11.186 | INFO  | Timestamp: 2025-11-28 19:40:11.179 | User: lucas | Operation: TeamController.getTeamWithPlayers(..) | Parameters: [346] | Execution Time: 7ms
2025-11-28 19:40:11.353 | INFO  | Timestamp: 2025-11-28 19:40:11.344 | User: lucas | Operation: TeamController.getTeamWithPlayers(..) | Parameters: [346] | Execution Time: 9ms
2025-11-28 19:40:11.531 | INFO  | Timestamp: 2025-11-28 19:40:11.523 | User: lucas | Operation: TeamController.getTeamWithPlayers(..) | Parameters: [346] | Execution Time: 8ms
2025-11-28 19:40:11.701 | INFO  | Timestamp: 2025-11-28 19:40:11.694 | User: lucas | Operation: TeamController.getTeamWithPlayers(..) | Parameters: [346] | Execution Time: 7ms
2025-11-28 19:40:11.892 | INFO  | Timestamp: 2025-11-28 19:40:11.872 | User: lucas | Operation: TeamController.getTeamWithPlayers(..) | Parameters: [346] | Execution Time: 20ms
2025-11-28 19:40:12.083 | INFO  | Timestamp: 2025-11-28 19:40:12.074 | User: lucas | Operation: TeamController.getTeamWithPlayers(..) | Parameters: [346] | Execution Time: 9ms
2025-11-28 19:40:12.274 | INFO  | Timestamp: 2025-11-28 19:40:12.263 | User: lucas | Operation: TeamController.getTeamWithPlayers(..) | Parameters: [346] | Execution Time: 11ms
2025-11-28 19:40:12.439 | INFO  | Timestamp: 2025-11-28 19:40:12.429 | User: lucas | Operation: TeamController.getTeamWithPlayers(..) | Parameters: [346] | Execution Time: 10ms
2025-11-28 19:40:12.623 | INFO  | Timestamp: 2025-11-28 19:40:12.614 | User: lucas | Operation: TeamController.getTeamWithPlayers(..) | Parameters: [346] | Execution Time: 9ms
2025-11-28 19:40:12.797 | INFO  | Timestamp: 2025-11-28 19:40:12.786 | User: lucas | Operation: TeamController.getTeamWithPlayers(..) | Parameters: [346] | Execution Time: 11ms
2025-11-28 19:40:12.977 | INFO  | Timestamp: 2025-11-28 19:40:12.969 | User: lucas | Operation: TeamController.getTeamWithPlayers(..) | Parameters: [346] | Execution Time: 8ms
2025-11-28 19:40:13.160 | INFO  | Timestamp: 2025-11-28 19:40:13.153 | User: lucas | Operation: TeamController.getTeamWithPlayers(..) | Parameters: [346] | Execution Time: 7ms
2025-11-28 19:40:13.331 | INFO  | Timestamp: 2025-11-28 19:40:13.323 | User: lucas | Operation: TeamController.getTeamWithPlayers(..) | Parameters: [346] | Execution Time: 8ms
2025-11-28 19:40:13.508 | INFO  | Timestamp: 2025-11-28 19:40:13.499 | User: lucas | Operation: TeamController.getTeamWithPlayers(..) | Parameters: [346] | Execution Time: 9ms
2025-11-28 19:40:13.758 | INFO  | Timestamp: 2025-11-28 19:40:13.739 | User: lucas | Operation: TeamController.getTeamWithPlayers(..) | Parameters: [346] | Execution Time: 19ms
2025-11-28 19:40:13.908 | INFO  | Timestamp: 2025-11-28 19:40:13.903 | User: lucas | Operation: TeamController.getTeamWithPlayers(..) | Parameters: [346] | Execution Time: 5ms
2025-11-28 19:40:14.077 | INFO  | Timestamp: 2025-11-28 19:40:14.069 | User: lucas | Operation: TeamController.getTeamWithPlayers(..) | Parameters: [346] | Execution Time: 18ms
2025-11-28 19:40:14.279 | INFO  | Timestamp: 2025-11-28 19:40:14.268 | User: lucas | Operation: TeamController.getTeamWithPlayers(..) | Parameters: [346] | Execution Time: 11ms
2025-11-28 19:40:14.314 | INFO  | Timestamp: 2025-11-28 19:40:14.306 | User: lucas | Operation: TeamController.getTeamWithPlayers(..) | Parameters: [346] | Execution Time: 8ms
2025-11-28 19:40:14.471 | INFO  | Timestamp: 2025-11-28 19:40:14.465 | User: lucas | Operation: TeamController.getTeamWithPlayers(..) | Parameters: [346] | Execution Time: 6ms
2025-11-28 19:40:14.728 | INFO  | Timestamp: 2025-11-28 19:40:14.723 | User: lucas | Operation: TeamController.getTeamWithPlayers(..) | Parameters: [346] | Execution Time: 5ms
2025-11-28 19:40:14.769 | INFO  | Timestamp: 2025-11-28 19:40:14.762 | User: lucas | Operation: TeamController.getTeamWithPlayers(..) | Parameters: [346] | Execution Time: 7ms
2025-11-28 19:40:15.031 | INFO  | Timestamp: 2025-11-28 19:40:15.028 | User: lucas | Operation: TeamController.getTeamWithPlayers(..) | Parameters: [346] | Execution Time: 3ms
2025-11-28 19:40:15.215 | INFO  | Timestamp: 2025-11-28 19:40:15.207 | User: lucas | Operation: TeamController.getTeamWithPlayers(..) | Parameters: [346] | Execution Time: 8ms
2025-11-28 19:40:15.394 | INFO  | Timestamp: 2025-11-28 19:40:15.384 | User: lucas | Operation: TeamController.getTeamWithPlayers(..) | Parameters: [346] | Execution Time: 10ms
2025-11-28 19:40:15.596 | INFO  | Timestamp: 2025-11-28 19:40:15.588 | User: lucas | Operation: TeamController.getTeamWithPlayers(..) | Parameters: [346] | Execution Time: 8ms
2025-11-28 19:40:15.707 | INFO  | Timestamp: 2025-11-28 19:40:15.700 | User: lucas | Operation: TeamController.getTeamWithPlayers(..) | Parameters: [346] | Execution Time: 7ms
2025-11-28 19:40:15.882 | INFO  | Timestamp: 2025-11-28 19:40:15.877 | User: lucas | Operation: TeamController.getTeamWithPlayers(..) | Parameters: [346] | Execution Time: 5ms
2025-11-28 19:40:16.071 | INFO  | Timestamp: 2025-11-28 19:40:16.064 | User: lucas | Operation: TeamController.getTeamWithPlayers(..) | Parameters: [346] | Execution Time: 7ms
2025-11-28 19:40:16.109 | INFO  | Timestamp: 2025-11-28 19:40:16.102 | User: lucas | Operation: TeamController.getTeamWithPlayers(..) | Parameters: [346] | Execution Time: 7ms
2025-11-28 19:40:16.360 | INFO  | Timestamp: 2025-11-28 19:40:16.354 | User: lucas | Operation: TeamController.getTeamWithPlayers(..) | Parameters: [346] | Execution Time: 6ms
2025-11-28 19:40:16.562 | INFO  | Timestamp: 2025-11-28 19:40:16.555 | User: lucas | Operation: TeamController.getTeamWithPlayers(..) | Parameters: [346] | Execution Time: 7ms
2025-11-28 19:40:16.595 | INFO  | Timestamp: 2025-11-28 19:40:16.589 | User: lucas | Operation: TeamController.getTeamWithPlayers(..) | Parameters: [346] | Execution Time: 6ms
2025-11-28 19:40:16.838 | INFO  | Timestamp: 2025-11-28 19:40:16.830 | User: lucas | Operation: TeamController.getTeamWithPlayers(..) | Parameters: [346] | Execution Time: 8ms
2025-11-28 19:40:17.146 | INFO  | Timestamp: 2025-11-28 19:40:17.140 | User: lucas | Operation: TeamController.getTeamWithPlayers(..) | Parameters: [346] | Execution Time: 6ms
2025-11-28 19:40:17.269 | INFO  | Timestamp: 2025-11-28 19:40:17.262 | User: lucas | Operation: TeamController.getTeamWithPlayers(..) | Parameters: [346] | Execution Time: 7ms
2025-11-28 19:40:17.351 | INFO  | Timestamp: 2025-11-28 19:40:17.344 | User: lucas | Operation: TeamController.getTeamWithPlayers(..) | Parameters: [346] | Execution Time: 7ms
2025-11-28 19:40:17.481 | INFO  | Timestamp: 2025-11-28 19:40:17.473 | User: lucas | Operation: TeamController.getTeamWithPlayers(..) | Parameters: [346] | Execution Time: 8ms
2025-11-28 19:40:17.590 | INFO  | Timestamp: 2025-11-28 19:40:17.586 | User: lucas | Operation: TeamController.getTeamWithPlayers(..) | Parameters: [346] | Execution Time: 4ms
2025-11-28 19:40:17.718 | INFO  | Timestamp: 2025-11-28 19:40:17.710 | User: lucas | Operation: TeamController.getTeamWithPlayers(..) | Parameters: [346] | Execution Time: 8ms
2025-11-28 19:40:17.898 | INFO  | Timestamp: 2025-11-28 19:40:17.892 | User: lucas | Operation: TeamController.getTeamWithPlayers(..) | Parameters: [346] | Execution Time: 6ms
2025-11-28 19:40:17.975 | INFO  | Timestamp: 2025-11-28 19:40:17.964 | User: lucas | Operation: TeamController.getTeamWithPlayers(..) | Parameters: [346] | Execution Time: 11ms
2025-11-28 19:40:18.111 | INFO  | Timestamp: 2025-11-28 19:40:18.095 | User: lucas | Operation: TeamController.getTeamWithPlayers(..) | Parameters: [346] | Execution Time: 16ms
2025-11-28 19:40:18.231 | INFO  | Timestamp: 2025-11-28 19:40:18.225 | User: lucas | Operation: TeamController.getTeamWithPlayers(..) | Parameters: [346] | Execution Time: 6ms
2025-11-28 19:40:18.433 | INFO  | Timestamp: 2025-11-28 19:40:18.426 | User: lucas | Operation: TeamController.getTeamWithPlayers(..) | Parameters: [346] | Execution Time: 7ms
2025-11-28 19:40:18.481 | INFO  | Timestamp: 2025-11-28 19:40:18.467 | User: lucas | Operation: TeamController.getTeamWithPlayers(..) | Parameters: [346] | Execution Time: 14ms
2025-11-28 19:40:18.585 | INFO  | Timestamp: 2025-11-28 19:40:18.579 | User: lucas | Operation: TeamController.getTeamWithPlayers(..) | Parameters: [346] | Execution Time: 6ms
2025-11-28 19:40:18.905 | INFO  | Timestamp: 2025-11-28 19:40:18.899 | User: lucas | Operation: TeamController.getTeamWithPlayers(..) | Parameters: [346] | Execution Time: 6ms
2025-11-28 19:40:18.909 | INFO  | Timestamp: 2025-11-28 19:40:18.899 | User: lucas | Operation: TeamController.getTeamWithPlayers(..) | Parameters: [346] | Execution Time: 10ms
2025-11-28 19:40:19.323 | INFO  | Timestamp: 2025-11-28 19:40:19.318 | User: lucas | Operation: TeamController.getTeamWithPlayers(..) | Parameters: [346] | Execution Time: 5ms
2025-11-28 19:40:19.449 | INFO  | Timestamp: 2025-11-28 19:40:19.443 | User: lucas | Operation: TeamController.getTeamWithPlayers(..) | Parameters: [346] | Execution Time: 6ms
2025-11-28 19:40:19.592 | INFO  | Timestamp: 2025-11-28 19:40:19.583 | User: lucas | Operation: TeamController.getTeamWithPlayers(..) | Parameters: [346] | Execution Time: 9ms
2025-11-28 19:40:19.777 | INFO  | Timestamp: 2025-11-28 19:40:19.770 | User: lucas | Operation: TeamController.getTeamWithPlayers(..) | Parameters: [346] | Execution Time: 7ms
2025-11-28 19:40:19.853 | INFO  | Timestamp: 2025-11-28 19:40:19.847 | User: lucas | Operation: TeamController.getTeamWithPlayers(..) | Parameters: [346] | Execution Time: 6ms
2025-11-28 19:40:19.945 | INFO  | Timestamp: 2025-11-28 19:40:19.937 | User: lucas | Operation: TeamController.getTeamWithPlayers(..) | Parameters: [346] | Execution Time: 8ms
2025-11-28 19:40:20.092 | INFO  | Timestamp: 2025-11-28 19:40:20.085 | User: lucas | Operation: TeamController.getTeamWithPlayers(..) | Parameters: [346] | Execution Time: 7ms
2025-11-28 19:40:20.228 | INFO  | Timestamp: 2025-11-28 19:40:20.221 | User: lucas | Operation: TeamController.getTeamWithPlayers(..) | Parameters: [346] | Execution Time: 7ms
2025-11-28 19:40:20.328 | INFO  | Timestamp: 2025-11-28 19:40:20.320 | User: lucas | Operation: TeamController.getTeamWithPlayers(..) | Parameters: [346] | Execution Time: 8ms
2025-11-28 19:40:20.455 | INFO  | Timestamp: 2025-11-28 19:40:20.449 | User: lucas | Operation: TeamController.getTeamWithPlayers(..) | Parameters: [346] | Execution Time: 6ms
2025-11-28 19:40:20.662 | INFO  | Timestamp: 2025-11-28 19:40:20.649 | User: lucas | Operation: TeamController.getTeamWithPlayers(..) | Parameters: [346] | Execution Time: 13ms
2025-11-28 19:40:20.709 | INFO  | Timestamp: 2025-11-28 19:40:20.701 | User: lucas | Operation: TeamController.getTeamWithPlayers(..) | Parameters: [346] | Execution Time: 8ms
2025-11-28 19:40:21.536 | INFO  | Timestamp: 2025-11-28 19:40:21.529 | User: lucas | Operation: TeamController.getTeamWithPlayers(..) | Parameters: [346] | Execution Time: 8ms
2025-11-28 19:40:21.914 | INFO  | Timestamp: 2025-11-28 19:40:21.909 | User: lucas | Operation: TeamController.getTeamWithPlayers(..) | Parameters: [346] | Execution Time: 5ms
2025-11-28 19:40:21.952 | INFO  | Timestamp: 2025-11-28 19:40:21.943 | User: lucas | Operation: TeamController.getTeamWithPlayers(..) | Parameters: [346] | Execution Time: 9ms
2025-11-28 19:40:21.994 | INFO  | Timestamp: 2025-11-28 19:40:21.983 | User: lucas | Operation: TeamController.getTeamWithPlayers(..) | Parameters: [346] | Execution Time: 11ms
2025-11-28 19:40:22.806 | INFO  | Timestamp: 2025-11-28 19:40:22.799 | User: lucas | Operation: TeamController.getTeamWithPlayers(..) | Parameters: [346] | Execution Time: 7ms
2025-11-28 19:40:22.810 | INFO  | Timestamp: 2025-11-28 19:40:22.799 | User: lucas | Operation: TeamController.getTeamWithPlayers(..) | Parameters: [346] | Execution Time: 10ms
2025-11-28 19:40:22.823 | INFO  | Timestamp: 2025-11-28 19:40:22.811 | User: lucas | Operation: TeamController.getTeamWithPlayers(..) | Parameters: [346] | Execution Time: 12ms
2025-11-28 19:40:22.901 | INFO  | Timestamp: 2025-11-28 19:40:22.894 | User: lucas | Operation: TeamController.getTeamWithPlayers(..) | Parameters: [346] | Execution Time: 7ms
2025-11-28 19:42:14.350 | INFO  | Timestamp: 2025-11-28 19:42:14.341 | User: lucas | Operation: TeamController.getTeamWithPlayers(..) | Parameters: [346] | Execution Time: 9ms
2025-11-28 19:42:15.046 | INFO  | Timestamp: 2025-11-28 19:42:15.038 | User: lucas | Operation: TeamController.getTeamWithPlayers(..) | Parameters: [346] | Execution Time: 8ms
2025-11-28 19:42:15.825 | INFO  | Timestamp: 2025-11-28 19:42:15.814 | User: lucas | Operation: TeamController.getTeamWithPlayers(..) | Parameters: [346] | Execution Time: 11ms
2025-11-28 19:42:15.826 | INFO  | Timestamp: 2025-11-28 19:42:15.816 | User: lucas | Operation: TeamController.getTeamWithPlayers(..) | Parameters: [346] | Execution Time: 10ms
2025-11-28 19:42:21.215 | INFO  | Timestamp: 2025-11-28 19:42:20.735 | User: lucas | Operation: TeamController.getTeamWithPlayers(..) | Parameters: [390] | Execution Time: 480ms
2025-11-28 19:42:21.584 | INFO  | Timestamp: 2025-11-28 19:42:21.576 | User: lucas | Operation: TeamController.getTeamWithPlayers(..) | Parameters: [390] | Execution Time: 8ms
2025-11-28 19:42:21.588 | INFO  | Timestamp: 2025-11-28 19:42:21.117 | User: lucas | Operation: TeamController.getTeamWithPlayers(..) | Parameters: [390] | Execution Time: 471ms
2025-11-28 19:42:22.311 | INFO  | Timestamp: 2025-11-28 19:42:22.295 | User: lucas | Operation: TeamController.getTeamWithPlayers(..) | Parameters: [390] | Execution Time: 16ms
2025-11-28 19:42:29.354 | INFO  | Timestamp: 2025-11-28 19:42:28.888 | User: lucas | Operation: TeamController.getTeamWithPlayers(..) | Parameters: [600] | Execution Time: 466ms
2025-11-28 19:42:31.142 | INFO  | Timestamp: 2025-11-28 19:42:31.123 | User: lucas | Operation: TeamController.getTeamWithPlayers(..) | Parameters: [600] | Execution Time: 19ms
2025-11-28 19:42:31.682 | INFO  | Timestamp: 2025-11-28 19:42:31.677 | User: lucas | Operation: TeamController.getTeamWithPlayers(..) | Parameters: [600] | Execution Time: 5ms
2025-11-28 19:42:32.234 | INFO  | Timestamp: 2025-11-28 19:42:32.228 | User: lucas | Operation: TeamController.getTeamWithPlayers(..) | Parameters: [600] | Execution Time: 6ms
2025-11-28 19:42:39.316 | INFO  | Timestamp: 2025-11-28 19:42:38.773 | User: lucas | Operation: TeamController.getTeamWithPlayers(..) | Parameters: [905] | Execution Time: 543ms
2025-11-28 19:43:11.577 | INFO  | Timestamp: 2025-11-28 19:43:11.549 | User: lucas | Operation: TeamController.getTeamWithPlayers(..) | Parameters: [905] | Execution Time: 27ms
2025-11-28 19:43:11.886 | INFO  | Timestamp: 2025-11-28 19:43:11.875 | User: lucas | Operation: TeamController.getTeamWithPlayers(..) | Parameters: [905] | Execution Time: 11ms
2025-11-28 19:43:12.412 | INFO  | Timestamp: 2025-11-28 19:43:12.405 | User: lucas | Operation: TeamController.getTeamWithPlayers(..) | Parameters: [905] | Execution Time: 7ms
2025-11-28 19:43:12.599 | INFO  | Timestamp: 2025-11-28 19:43:12.592 | User: lucas | Operation: TeamController.getTeamWithPlayers(..) | Parameters: [905] | Execution Time: 7ms
2025-11-28 19:43:16.940 | INFO  | Timestamp: 2025-11-28 19:43:16.437 | User: lucas | Operation: TeamController.getTeamWithPlayers(..) | Parameters: [889] | Execution Time: 503ms
2025-11-28 19:43:17.908 | INFO  | Timestamp: 2025-11-28 19:43:17.903 | User: lucas | Operation: TeamController.getTeamWithPlayers(..) | Parameters: [889] | Execution Time: 5ms
2025-11-28 19:43:19.063 | INFO  | Timestamp: 2025-11-28 19:43:19.056 | User: lucas | Operation: TeamController.getTeamWithPlayers(..) | Parameters: [889] | Execution Time: 7ms
2025-11-28 19:43:19.899 | INFO  | Timestamp: 2025-11-28 19:43:19.892 | User: lucas | Operation: TeamController.getTeamWithPlayers(..) | Parameters: [889] | Execution Time: 7ms
2025-11-28 19:59:41.039 | INFO  | Timestamp: 2025-11-28 19:59:40.949 | User: lucas | Operation: TeamController.getTeamWithPlayers(..) | Parameters: [889] | Execution Time: 86ms
2025-11-28 19:59:42.468 | INFO  | Timestamp: 2025-11-28 19:59:42.460 | User: lucas | Operation: TeamController.getTeamWithPlayers(..) | Parameters: [889] | Execution Time: 8ms
2025-11-28 20:01:54.513 | INFO  | Timestamp: 2025-11-28 20:01:54.505 | User: lucas | Operation: TeamController.getTeamWithPlayers(..) | Parameters: [889] | Execution Time: 8ms
2025-11-28 20:02:09.220 | INFO  | Timestamp: 2025-11-28 20:02:08.328 | User: lucas | Operation: TeamController.getTeamWithPlayers(..) | Parameters: [890] | Execution Time: 892ms
2025-11-28 20:02:11.073 | INFO  | Timestamp: 2025-11-28 20:02:11.064 | User: lucas | Operation: TeamController.getTeamWithPlayers(..) | Parameters: [890] | Execution Time: 9ms
2025-11-29 19:36:33.756 | INFO  | Timestamp: 2025-11-29 19:36:33.483 | User: anonymousUser | Operation: AuthWebService.registerUser(..) | Parameters: [RegisterRequest(username=lucas, password=1234)] | Execution Time: 270ms
2025-11-29 19:36:37.379 | INFO  | Timestamp: 2025-11-29 19:36:36.899 | User: anonymousUser | Operation: AuthWebService.authenticateUser(..) | Parameters: [LoginRequest(username=lucas, password=1234)] | Execution Time: 480ms
2025-11-29 19:37:01.363 | ERROR | Timestamp: 2025-11-29 19:36:58.754 | User: lucas | Operation: TeamController.getTeamFromFootballData(..) | Parameters: [Argentina] | Execution Time: 2600ms | Status: FAILED | Error: A JSONObject text must begin with '{' at 3 [character 1 line 2]
2025-11-29 19:40:25.096 | ERROR | Timestamp: 2025-11-29 19:40:24.808 | User: anonymousUser | Operation: AuthWebService.authenticateUser(..) | Parameters: [LoginRequest(username=lucas, password=1234)] | Execution Time: 283ms | Status: FAILED | Error: Credenciales err贸neas
2025-11-29 19:40:28.201 | ERROR | Timestamp: 2025-11-29 19:40:28.094 | User: anonymousUser | Operation: AuthWebService.authenticateUser(..) | Parameters: [LoginRequest(username=lucas, password=1234)] | Execution Time: 106ms | Status: FAILED | Error: Credenciales err贸neas
2025-11-29 19:40:32.677 | INFO  | Timestamp: 2025-11-29 19:40:32.560 | User: anonymousUser | Operation: AuthWebService.registerUser(..) | Parameters: [RegisterRequest(username=lucas, password=1234)] | Execution Time: 115ms
2025-11-29 19:40:44.956 | INFO  | Timestamp: 2025-11-29 19:40:44.662 | User: anonymousUser | Operation: AuthWebService.authenticateUser(..) | Parameters: [LoginRequest(username=lucas, password=1234)] | Execution Time: 294ms
2025-11-29 19:41:07.546 | ERROR | Timestamp: 2025-11-29 19:41:05.330 | User: lucas | Operation: TeamController.getTeamFromFootballData(..) | Parameters: [Argentina] | Execution Time: 2216ms | Status: FAILED | Error: A JSONObject text must begin with '{' at 3 [character 1 line 2]
2025-11-29 19:48:18.454 | INFO  | Timestamp: 2025-11-29 19:48:18.331 | User: anonymousUser | Operation: AuthWebService.registerUser(..) | Parameters: [RegisterRequest(username=lucas, password=1234)] | Execution Time: 117ms
2025-11-29 19:48:26.797 | INFO  | Timestamp: 2025-11-29 19:48:26.540 | User: anonymousUser | Operation: AuthWebService.authenticateUser(..) | Parameters: [LoginRequest(username=lucas, password=1234)] | Execution Time: 257ms
2025-11-29 19:48:51.479 | ERROR | Timestamp: 2025-11-29 19:48:49.203 | User: lucas | Operation: TeamController.getTeamFromFootballData(..) | Parameters: [Argentina] | Execution Time: 2271ms | Status: FAILED | Error: A JSONObject text must begin with '{' at 3 [character 1 line 2]
2025-11-29 19:53:22.002 | INFO  | Timestamp: 2025-11-29 19:53:21.783 | User: anonymousUser | Operation: AuthWebService.registerUser(..) | Parameters: [RegisterRequest(username=lucas, password=1234)] | Execution Time: 216ms
2025-11-29 19:53:26.168 | INFO  | Timestamp: 2025-11-29 19:53:25.711 | User: anonymousUser | Operation: AuthWebService.authenticateUser(..) | Parameters: [LoginRequest(username=lucas, password=1234)] | Execution Time: 457ms
2025-11-29 19:53:51.368 | ERROR | Timestamp: 2025-11-29 19:53:50.975 | User: lucas | Operation: TeamController.getTeamFromFootballData(..) | Parameters: [Argentina] | Execution Time: 385ms | Status: FAILED | Error: Host desconocido (www.api.football-data.org)
2025-11-29 19:54:04.039 | INFO  | Timestamp: 2025-11-29 19:54:04.034 | User: anonymousUser | Operation: AuthWebService.registerUser(..) | Parameters: [RegisterRequest(username=lucas, password=1234)] | Execution Time: 4ms
2025-11-29 19:54:08.413 | INFO  | Timestamp: 2025-11-29 19:54:08.305 | User: anonymousUser | Operation: AuthWebService.authenticateUser(..) | Parameters: [LoginRequest(username=lucas, password=1234)] | Execution Time: 108ms
2025-11-29 19:54:40.663 | ERROR | Timestamp: 2025-11-29 19:54:40.525 | User: lucas | Operation: TeamController.getTeamFromFootballData(..) | Parameters: [Argentina] | Execution Time: 138ms | Status: FAILED | Error: Host desconocido (www.api.football-data.org)
2025-11-29 20:00:00.587 | INFO  | Timestamp: 2025-11-29 20:00:00.360 | User: anonymousUser | Operation: AuthWebService.registerUser(..) | Parameters: [RegisterRequest(username=lucas, password=1234)] | Execution Time: 224ms
2025-11-29 20:00:05.829 | INFO  | Timestamp: 2025-11-29 20:00:05.417 | User: anonymousUser | Operation: AuthWebService.authenticateUser(..) | Parameters: [LoginRequest(username=lucas, password=1234)] | Execution Time: 412ms
2025-11-29 20:07:51.273 | INFO  | Timestamp: 2025-11-29 20:07:50.973 | User: anonymousUser | Operation: AuthWebService.authenticateUser(..) | Parameters: [LoginRequest(username=lucas, password=1234)] | Execution Time: 297ms
2025-11-29 20:08:21.474 | INFO  | Timestamp: 2025-11-29 20:08:16.544 | User: lucas | Operation: TeamController.getTeamFromFootballData(..) | Parameters: [Argentina] | Execution Time: 4930ms
2025-11-29 20:08:39.908 | INFO  | Timestamp: 2025-11-29 20:08:39.320 | User: lucas | Operation: TeamController.getTeamFromFootballData(..) | Parameters: [Barcelona] | Execution Time: 588ms
2025-11-29 20:08:53.841 | ERROR | Timestamp: 2025-11-29 20:08:53.222 | User: lucas | Operation: TeamController.getTeamFromFootballData(..) | Parameters: [Argentina W] | Execution Time: 601ms | Status: FAILED | Error: JSONObject["teams"] not found.
2025-11-29 20:10:39.686 | INFO  | Timestamp: 2025-11-29 20:10:37.184 | User: lucas | Operation: TeamController.getTeamFromFootballData(..) | Parameters: [Argentina W] | Execution Time: 2502ms
2025-11-29 20:12:35.458 | ERROR | Timestamp: 2025-11-29 20:12:31.808 | User: lucas | Operation: TeamController.getTeamFromFootballData(..) | Parameters: [Bayern] | Execution Time: 3649ms | Status: FAILED | Error: JSONObject["teams"] not found.
2025-11-29 20:14:48.145 | ERROR | Timestamp: 2025-11-29 20:14:44.416 | User: lucas | Operation: TeamController.getTeamFromFootballData(..) | Parameters: [Bayern] | Execution Time: 3729ms | Status: FAILED | Error: JSONObject["teams"] not found.
2025-11-29 20:34:27.940 | ERROR | Timestamp: 2025-11-29 20:34:22.468 | User: lucas | Operation: TeamController.getTeamFromFootballData(..) | Parameters: [Bayern] | Execution Time: 5470ms | Status: FAILED | Error: JSONObject["teams"] not found.
2025-11-29 23:40:40.326 | INFO  | Timestamp: 2025-11-29 23:40:40.141 | User: anonymousUser | Operation: AuthWebService.registerUser(..) | Parameters: [RegisterRequest(username=lucas, password=1234)] | Execution Time: 185ms
2025-11-29 23:40:43.632 | INFO  | Timestamp: 2025-11-29 23:40:43.211 | User: anonymousUser | Operation: AuthWebService.authenticateUser(..) | Parameters: [LoginRequest(username=lucas, password=1234)] | Execution Time: 421ms
2025-11-29 23:40:50.291 | INFO  | Timestamp: 2025-11-29 23:40:48.037 | User: lucas | Operation: TeamController.getTeamFromFootballData(..) | Parameters: [Bayern] | Execution Time: 2254ms
2025-11-29 23:41:17.074 | INFO  | Timestamp: 2025-11-29 23:41:16.770 | User: lucas | Operation: TeamController.getTeamFromFootballData(..) | Parameters: [Bayern Munich] | Execution Time: 304ms
2025-11-29 23:43:21.205 | INFO  | Timestamp: 2025-11-29 23:43:21.080 | User: anonymousUser | Operation: AuthWebService.registerUser(..) | Parameters: [RegisterRequest(username=lucas, password=1234)] | Execution Time: 122ms
2025-11-29 23:43:25.247 | INFO  | Timestamp: 2025-11-29 23:43:24.984 | User: anonymousUser | Operation: AuthWebService.authenticateUser(..) | Parameters: [LoginRequest(username=lucas, password=1234)] | Execution Time: 263ms
2025-11-29 23:43:33.081 | INFO  | Timestamp: 2025-11-29 23:43:30.761 | User: lucas | Operation: TeamController.getTeamFromFootballData(..) | Parameters: [Bayern Munich] | Execution Time: 2320ms
2025-11-29 23:45:39.303 | INFO  | Timestamp: 2025-11-29 23:45:39.048 | User: anonymousUser | Operation: AuthWebService.registerUser(..) | Parameters: [RegisterRequest(username=lucas, password=1234)] | Execution Time: 252ms
2025-11-29 23:45:41.876 | INFO  | Timestamp: 2025-11-29 23:45:41.403 | User: anonymousUser | Operation: AuthWebService.authenticateUser(..) | Parameters: [LoginRequest(username=lucas, password=1234)] | Execution Time: 473ms
2025-11-29 23:45:52.575 | ERROR | Timestamp: 2025-11-29 23:45:45.803 | User: lucas | Operation: TeamController.getTeamFromFootballData(..) | Parameters: [Bayern Munich] | Execution Time: 6765ms | Status: FAILED | Error: JSONObject["teams"] not found.
2025-11-29 23:48:35.054 | ERROR | Timestamp: 2025-11-29 23:48:30.322 | User: lucas | Operation: TeamController.getTeamFromFootballData(..) | Parameters: [Bayern Munich] | Execution Time: 4732ms | Status: FAILED | Error: JSONObject["teams"] not found.
2025-11-29 23:55:29.299 | INFO  | Timestamp: 2025-11-29 23:55:29.111 | User: anonymousUser | Operation: AuthWebService.registerUser(..) | Parameters: [RegisterRequest(username=lucas, password=1234)] | Execution Time: 187ms
2025-11-29 23:55:34.455 | INFO  | Timestamp: 2025-11-29 23:55:34.001 | User: anonymousUser | Operation: AuthWebService.authenticateUser(..) | Parameters: [LoginRequest(username=lucas, password=1234)] | Execution Time: 454ms
2025-11-29 23:55:44.848 | ERROR | Timestamp: 2025-11-29 23:55:38.054 | User: lucas | Operation: TeamController.getTeamFromFootballData(..) | Parameters: [Bayern Munich] | Execution Time: 6794ms | Status: FAILED | Error: JSONObject["teams"] not found.
2025-11-29 23:56:07.704 | ERROR | Timestamp: 2025-11-29 23:56:07.412 | User: lucas | Operation: TeamController.getTeamFromFootballData(..) | Parameters: [Brazil] | Execution Time: 292ms | Status: FAILED | Error: JSONObject["teams"] not found.
2025-11-29 23:56:26.923 | ERROR | Timestamp: 2025-11-29 23:56:26.644 | User: lucas | Operation: TeamController.getTeamFromFootballData(..) | Parameters: [Brazil] | Execution Time: 279ms | Status: FAILED | Error: JSONObject["teams"] not found.
2025-11-29 23:57:00.677 | INFO  | Timestamp: 2025-11-29 23:57:00.044 | User: lucas | Operation: TeamController.getTeamFromFootballData(..) | Parameters: [Brazil] | Execution Time: 633ms
2025-11-29 23:57:57.327 | INFO  | Timestamp: 2025-11-29 23:57:55.520 | User: lucas | Operation: TeamController.predictMatch(..) | Parameters: [346, 409] | Execution Time: 1807ms
2025-11-30 00:01:15.479 | INFO  | Timestamp: 2025-11-30 00:01:15.424 | User: lucas | Operation: TeamController.predictMatch(..) | Parameters: [346, 409] | Execution Time: 55ms
2025-11-30 00:04:02.556 | INFO  | Timestamp: 2025-11-30 00:04:00.934 | User: lucas | Operation: TeamController.predictMatch(..) | Parameters: [889, 90] | Execution Time: 1622ms
2025-11-30 00:04:56.585 | INFO  | Timestamp: 2025-11-30 00:04:55.984 | User: lucas | Operation: TeamController.predictMatch(..) | Parameters: [346, 460] | Execution Time: 601ms
2025-11-30 00:05:13.790 | INFO  | Timestamp: 2025-11-30 00:05:13.261 | User: lucas | Operation: TeamController.predictMatch(..) | Parameters: [346, 12] | Execution Time: 529ms
2025-11-30 00:05:36.287 | INFO  | Timestamp: 2025-11-30 00:05:35.556 | User: lucas | Operation: TeamController.predictMatch(..) | Parameters: [346, 140] | Execution Time: 731ms
2025-11-30 00:05:46.775 | ERROR | Timestamp: 2025-11-30 00:05:46.447 | User: lucas | Operation: TeamController.predictMatch(..) | Parameters: [346, 250] | Execution Time: 326ms | Status: FAILED | Error: null
2025-11-30 00:05:54.667 | ERROR | Timestamp: 2025-11-30 00:05:54.327 | User: lucas | Operation: TeamController.predictMatch(..) | Parameters: [346, 406] | Execution Time: 339ms | Status: FAILED | Error: null
2025-11-30 00:06:20.191 | INFO  | Timestamp: 2025-11-30 00:06:20.164 | User: lucas | Operation: TeamController.predictMatch(..) | Parameters: [346, 409] | Execution Time: 27ms
2025-11-30 13:05:48.802 | INFO  | Timestamp: 2025-11-30 13:05:48.596 | User: anonymousUser | Operation: AuthWebService.registerUser(..) | Parameters: [RegisterRequest(username=lucas, password=1234)] | Execution Time: 204ms
2025-11-30 13:05:53.852 | INFO  | Timestamp: 2025-11-30 13:05:53.429 | User: anonymousUser | Operation: AuthWebService.authenticateUser(..) | Parameters: [LoginRequest(username=lucas, password=1234)] | Execution Time: 422ms
2025-11-30 13:06:48.143 | INFO  | Timestamp: 2025-11-30 13:06:48.037 | User: anonymousUser | Operation: AuthWebService.authenticateUser(..) | Parameters: [LoginRequest(username=lucas, password=1234)] | Execution Time: 107ms
2025-11-30 13:07:53.685 | ERROR | Timestamp: 2025-11-30 13:07:52.483 | User: lucas | Operation: TeamController.getNextMatches(..) | Parameters: [346] | Execution Time: 1200ms | Status: FAILED | Error: Transaction silently rolled back because it has been marked as rollback-only
2025-11-30 13:14:30.634 | INFO  | Timestamp: 2025-11-30 13:14:30.068 | User: anonymousUser | Operation: AuthWebService.registerUser(..) | Parameters: [RegisterRequest(username=lucas, password=1234)] | Execution Time: 564ms
2025-11-30 13:14:33.124 | INFO  | Timestamp: 2025-11-30 13:14:32.650 | User: anonymousUser | Operation: AuthWebService.authenticateUser(..) | Parameters: [LoginRequest(username=lucas, password=1234)] | Execution Time: 474ms
2025-11-30 13:14:38.562 | ERROR | Timestamp: 2025-11-30 13:14:37.404 | User: lucas | Operation: TeamController.getNextMatches(..) | Parameters: [346] | Execution Time: 1154ms | Status: FAILED | Error: null
2025-11-30 13:16:58.534 | INFO  | Timestamp: 2025-11-30 13:16:58.333 | User: anonymousUser | Operation: AuthWebService.registerUser(..) | Parameters: [RegisterRequest(username=lucas, password=1234)] | Execution Time: 199ms
2025-11-30 13:17:00.878 | INFO  | Timestamp: 2025-11-30 13:17:00.488 | User: anonymousUser | Operation: AuthWebService.authenticateUser(..) | Parameters: [LoginRequest(username=lucas, password=1234)] | Execution Time: 390ms
2025-11-30 13:17:17.054 | ERROR | Timestamp: 2025-11-30 13:17:05.394 | User: lucas | Operation: TeamController.getNextMatches(..) | Parameters: [346] | Execution Time: 11656ms | Status: FAILED | Error: timeout
2025-11-30 13:17:50.534 | INFO  | Timestamp: 2025-11-30 13:17:49.989 | User: lucas | Operation: TeamController.getNextMatches(..) | Parameters: [346] | Execution Time: 545ms
2025-11-30 13:17:55.578 | INFO  | Timestamp: 2025-11-30 13:17:54.866 | User: lucas | Operation: TeamController.getNextMatches(..) | Parameters: [346] | Execution Time: 712ms
2025-11-30 13:17:57.590 | INFO  | Timestamp: 2025-11-30 13:17:57.243 | User: lucas | Operation: TeamController.getNextMatches(..) | Parameters: [346] | Execution Time: 347ms
2025-11-30 13:17:58.969 | INFO  | Timestamp: 2025-11-30 13:17:58.664 | User: lucas | Operation: TeamController.getNextMatches(..) | Parameters: [346] | Execution Time: 305ms
2025-11-30 13:18:00.375 | INFO  | Timestamp: 2025-11-30 13:18:00.040 | User: lucas | Operation: TeamController.getNextMatches(..) | Parameters: [346] | Execution Time: 335ms
2025-11-30 13:30:01.300 | INFO  | Timestamp: 2025-11-30 13:30:01.173 | User: anonymousUser | Operation: AuthWebService.registerUser(..) | Parameters: [RegisterRequest(username=lucas, password=1234)] | Execution Time: 121ms
2025-11-30 13:30:04.321 | INFO  | Timestamp: 2025-11-30 13:30:04.064 | User: anonymousUser | Operation: AuthWebService.authenticateUser(..) | Parameters: [LoginRequest(username=lucas, password=1234)] | Execution Time: 257ms
2025-11-30 13:30:18.737 | INFO  | Timestamp: 2025-11-30 13:30:08.926 | User: lucas | Operation: TeamController.getNextMatches(..) | Parameters: [346] | Execution Time: 9811ms
2025-11-30 13:30:26.472 | INFO  | Timestamp: 2025-11-30 13:30:26.444 | User: lucas | Operation: TeamController.getNextMatches(..) | Parameters: [346] | Execution Time: 28ms
2025-11-30 13:30:30.355 | INFO  | Timestamp: 2025-11-30 13:30:30.334 | User: lucas | Operation: TeamController.getNextMatches(..) | Parameters: [346] | Execution Time: 21ms
2025-11-30 13:30:31.428 | INFO  | Timestamp: 2025-11-30 13:30:31.412 | User: lucas | Operation: TeamController.getNextMatches(..) | Parameters: [346] | Execution Time: 16ms
2025-11-30 15:21:32.520 | ERROR | Timestamp: 2025-11-30 15:21:32.157 | User: anonymousUser | Operation: AuthWebService.authenticateUser(..) | Parameters: [LoginRequest(username=lucas, password=1234)] | Execution Time: 324ms | Status: FAILED | Error: could not prepare statement [Table "USERS" not found (this database is empty); SQL statement:
select u1_0.id,u1_0.password_hash,u1_0.username from users u1_0 where u1_0.username=? [42104-232]] [select u1_0.id,u1_0.password_hash,u1_0.username from users u1_0 where u1_0.username=?]; SQL [select u1_0.id,u1_0.password_hash,u1_0.username from users u1_0 where u1_0.username=?]
2025-11-30 15:21:45.382 | ERROR | Timestamp: 2025-11-30 15:21:45.374 | User: anonymousUser | Operation: AuthWebService.authenticateUser(..) | Parameters: [LoginRequest(username=lucas, password=1234)] | Execution Time: 8ms | Status: FAILED | Error: could not prepare statement [Table "USERS" not found (this database is empty); SQL statement:
select u1_0.id,u1_0.password_hash,u1_0.username from users u1_0 where u1_0.username=? [42104-232]] [select u1_0.id,u1_0.password_hash,u1_0.username from users u1_0 where u1_0.username=?]; SQL [select u1_0.id,u1_0.password_hash,u1_0.username from users u1_0 where u1_0.username=?]
2025-11-30 15:21:55.913 | ERROR | Timestamp: 2025-11-30 15:21:55.910 | User: anonymousUser | Operation: AuthWebService.registerUser(..) | Parameters: [RegisterRequest(username=lucas, password=1234)] | Execution Time: 3ms | Status: FAILED | Error: could not prepare statement [Table "USERS" not found (this database is empty); SQL statement:
select u1_0.id,u1_0.password_hash,u1_0.username from users u1_0 where u1_0.username=? [42104-232]] [select u1_0.id,u1_0.password_hash,u1_0.username from users u1_0 where u1_0.username=?]; SQL [select u1_0.id,u1_0.password_hash,u1_0.username from users u1_0 where u1_0.username=?]
2025-11-30 15:22:53.814 | INFO  | Timestamp: 2025-11-30 15:22:53.596 | User: anonymousUser | Operation: AuthWebService.registerUser(..) | Parameters: [RegisterRequest(username=lucas, password=1234)] | Execution Time: 216ms
2025-11-30 15:22:59.572 | INFO  | Timestamp: 2025-11-30 15:22:59.141 | User: anonymousUser | Operation: AuthWebService.authenticateUser(..) | Parameters: [LoginRequest(username=lucas, password=1234)] | Execution Time: 431ms
2025-11-30 15:23:19.115 | INFO  | Timestamp: 2025-11-30 15:23:09.548 | User: lucas | Operation: TeamController.getNextMatches(..) | Parameters: [346] | Execution Time: 9567ms
2025-11-30 15:24:00.560 | ERROR | Timestamp: 2025-11-30 15:23:44.245 | User: lucas | Operation: TeamController.getNextMatches(..) | Parameters: [889] | Execution Time: 16307ms | Status: FAILED | Error: Transaction silently rolled back because it has been marked as rollback-only
2025-11-30 15:24:26.073 | ERROR | Timestamp: 2025-11-30 15:24:15.682 | User: lucas | Operation: TeamController.getNextMatches(..) | Parameters: [889] | Execution Time: 10390ms | Status: FAILED | Error: Transaction silently rolled back because it has been marked as rollback-only
2025-11-30 15:24:48.626 | ERROR | Timestamp: 2025-11-30 15:24:39.024 | User: lucas | Operation: TeamController.getNextMatches(..) | Parameters: [889] | Execution Time: 9602ms | Status: FAILED | Error: Transaction silently rolled back because it has been marked as rollback-only
2025-11-30 15:25:12.630 | ERROR | Timestamp: 2025-11-30 15:25:00.602 | User: lucas | Operation: TeamController.getNextMatches(..) | Parameters: [890] | Execution Time: 12028ms | Status: FAILED | Error: Transaction silently rolled back because it has been marked as rollback-only
2025-11-30 15:25:29.289 | ERROR | Timestamp: 2025-11-30 15:25:17.165 | User: lucas | Operation: TeamController.getNextMatches(..) | Parameters: [905] | Execution Time: 12124ms | Status: FAILED | Error: Transaction silently rolled back because it has been marked as rollback-only
2025-11-30 15:48:46.016 | INFO  | Timestamp: 2025-11-30 15:48:45.831 | User: anonymousUser | Operation: AuthWebService.registerUser(..) | Parameters: [RegisterRequest(username=lucas, password=1234)] | Execution Time: 177ms
2025-11-30 15:48:49.914 | INFO  | Timestamp: 2025-11-30 15:48:49.575 | User: anonymousUser | Operation: AuthWebService.authenticateUser(..) | Parameters: [LoginRequest(username=lucas, password=1234)] | Execution Time: 339ms
2025-11-30 15:49:18.502 | ERROR | Timestamp: 2025-11-30 15:48:59.637 | User: lucas | Operation: TeamController.getNextMatches(..) | Parameters: [905] | Execution Time: 18863ms | Status: FAILED | Error: Transaction silently rolled back because it has been marked as rollback-only
2025-11-30 15:49:32.295 | INFO  | Timestamp: 2025-11-30 15:49:25.702 | User: lucas | Operation: TeamController.getNextMatches(..) | Parameters: [346] | Execution Time: 6593ms
2025-11-30 15:49:36.605 | INFO  | Timestamp: 2025-11-30 15:49:36.587 | User: lucas | Operation: TeamController.getNextMatches(..) | Parameters: [346] | Execution Time: 18ms
2025-11-30 15:50:04.422 | ERROR | Timestamp: 2025-11-30 15:49:49.934 | User: lucas | Operation: TeamController.getNextMatches(..) | Parameters: [889] | Execution Time: 14488ms | Status: FAILED | Error: Transaction silently rolled back because it has been marked as rollback-only
2025-11-30 15:52:56.156 | INFO  | Timestamp: 2025-11-30 15:52:56.000 | User: anonymousUser | Operation: AuthWebService.registerUser(..) | Parameters: [RegisterRequest(username=lucas, password=1234)] | Execution Time: 154ms
2025-11-30 15:52:59.630 | INFO  | Timestamp: 2025-11-30 15:52:59.312 | User: anonymousUser | Operation: AuthWebService.authenticateUser(..) | Parameters: [LoginRequest(username=lucas, password=1234)] | Execution Time: 318ms
2025-11-30 15:53:15.965 | ERROR | Timestamp: 2025-11-30 15:53:03.204 | User: lucas | Operation: TeamController.getNextMatches(..) | Parameters: [889] | Execution Time: 12758ms | Status: FAILED | Error: Transaction silently rolled back because it has been marked as rollback-only
2025-11-30 15:56:03.298 | INFO  | Timestamp: 2025-11-30 15:56:03.143 | User: anonymousUser | Operation: AuthWebService.registerUser(..) | Parameters: [RegisterRequest(username=lucas, password=1234)] | Execution Time: 153ms
2025-11-30 15:56:06.550 | INFO  | Timestamp: 2025-11-30 15:56:06.196 | User: anonymousUser | Operation: AuthWebService.authenticateUser(..) | Parameters: [LoginRequest(username=lucas, password=1234)] | Execution Time: 354ms
2025-11-30 15:56:28.479 | ERROR | Timestamp: 2025-11-30 15:56:10.382 | User: lucas | Operation: TeamController.getNextMatches(..) | Parameters: [889] | Execution Time: 18092ms | Status: FAILED | Error: Transaction silently rolled back because it has been marked as rollback-only
2025-11-30 15:57:21.555 | INFO  | Timestamp: 2025-11-30 15:57:21.191 | User: lucas | Operation: TeamController.getTeamWithPlayers(..) | Parameters: [907] | Execution Time: 364ms
2025-11-30 15:57:31.488 | INFO  | Timestamp: 2025-11-30 15:57:31.476 | User: lucas | Operation: TeamController.getTeamWithPlayers(..) | Parameters: [907] | Execution Time: 12ms
2025-11-30 15:59:25.308 | ERROR | Timestamp: 2025-11-30 15:59:15.054 | User: lucas | Operation: TeamController.getNextMatches(..) | Parameters: [889] | Execution Time: 10254ms | Status: FAILED | Error: Transaction silently rolled back because it has been marked as rollback-only
2025-11-30 16:06:52.273 | INFO  | Timestamp: 2025-11-30 16:06:52.103 | User: anonymousUser | Operation: AuthWebService.registerUser(..) | Parameters: [RegisterRequest(username=lucas, password=1234)] | Execution Time: 170ms
2025-11-30 16:06:55.491 | INFO  | Timestamp: 2025-11-30 16:06:55.091 | User: anonymousUser | Operation: AuthWebService.authenticateUser(..) | Parameters: [LoginRequest(username=lucas, password=1234)] | Execution Time: 400ms
2025-11-30 16:07:17.184 | ERROR | Timestamp: 2025-11-30 16:06:58.082 | User: lucas | Operation: TeamController.getNextMatches(..) | Parameters: [889] | Execution Time: 19098ms | Status: FAILED | Error: Transaction silently rolled back because it has been marked as rollback-only
2025-11-30 16:08:36.064 | ERROR | Timestamp: 2025-11-30 16:08:35.777 | User: lucas | Operation: TeamController.getTeamWithPlayers(..) | Parameters: [30177] | Execution Time: 287ms | Status: FAILED | Error: Transaction silently rolled back because it has been marked as rollback-only
2025-11-30 16:08:54.526 | ERROR | Timestamp: 2025-11-30 16:08:54.254 | User: lucas | Operation: TeamController.getTeamWithPlayers(..) | Parameters: [30177] | Execution Time: 272ms | Status: FAILED | Error: Transaction silently rolled back because it has been marked as rollback-only
2025-11-30 16:10:04.650 | ERROR | Timestamp: 2025-11-30 16:10:04.377 | User: lucas | Operation: TeamController.getTeamWithPlayers(..) | Parameters: [30177] | Execution Time: 272ms | Status: FAILED | Error: Transaction silently rolled back because it has been marked as rollback-only
2025-11-30 16:10:09.731 | INFO  | Timestamp: 2025-11-30 16:10:09.397 | User: lucas | Operation: TeamController.getTeamWithPlayers(..) | Parameters: [890] | Execution Time: 334ms
2025-11-30 16:18:12.122 | ERROR | Timestamp: 2025-11-30 16:18:11.800 | User: lucas | Operation: TeamController.getNextMatches(..) | Parameters: [889] | Execution Time: 321ms | Status: FAILED | Error: Transaction silently rolled back because it has been marked as rollback-only
2025-11-30 16:18:25.095 | INFO  | Timestamp: 2025-11-30 16:18:25.023 | User: lucas | Operation: TeamController.getNextMatches(..) | Parameters: [890] | Execution Time: 67ms
2025-11-30 16:18:41.747 | ERROR | Timestamp: 2025-11-30 16:18:41.704 | User: lucas | Operation: TeamController.getNextMatches(..) | Parameters: [905] | Execution Time: 43ms | Status: FAILED | Error: Transaction silently rolled back because it has been marked as rollback-only
2025-11-30 16:21:29.611 | ERROR | Timestamp: 2025-11-30 16:21:29.553 | User: lucas | Operation: TeamController.getNextMatches(..) | Parameters: [905] | Execution Time: 56ms | Status: FAILED | Error: Transaction silently rolled back because it has been marked as rollback-only
2025-11-30 16:22:09.396 | ERROR | Timestamp: 2025-11-30 16:22:09.339 | User: lucas | Operation: TeamController.getNextMatches(..) | Parameters: [905] | Execution Time: 57ms | Status: FAILED | Error: Transaction silently rolled back because it has been marked as rollback-only
2025-11-30 16:29:02.292 | ERROR | Timestamp: 2025-11-30 16:29:01.784 | User: lucas | Operation: TeamController.getNextMatches(..) | Parameters: [30177] | Execution Time: 508ms | Status: FAILED | Error: Transaction silently rolled back because it has been marked as rollback-only
2025-11-30 16:30:35.177 | ERROR | Timestamp: 2025-11-30 16:30:34.893 | User: lucas | Operation: TeamController.getTeamWithPlayers(..) | Parameters: [30177] | Execution Time: 284ms | Status: FAILED | Error: Transaction silently rolled back because it has been marked as rollback-only
2025-11-30 16:32:01.495 | INFO  | Timestamp: 2025-11-30 16:32:01.396 | User: anonymousUser | Operation: AuthWebService.registerUser(..) | Parameters: [RegisterRequest(username=lucas, password=1234)] | Execution Time: 99ms
2025-11-30 16:32:05.210 | INFO  | Timestamp: 2025-11-30 16:32:04.968 | User: anonymousUser | Operation: AuthWebService.authenticateUser(..) | Parameters: [LoginRequest(username=lucas, password=1234)] | Execution Time: 242ms
2025-11-30 16:32:11.483 | ERROR | Timestamp: 2025-11-30 16:32:10.528 | User: lucas | Operation: TeamController.getTeamWithPlayers(..) | Parameters: [30177] | Execution Time: 953ms | Status: FAILED | Error: Transaction silently rolled back because it has been marked as rollback-only
2025-11-30 16:35:31.260 | INFO  | Timestamp: 2025-11-30 16:35:31.097 | User: anonymousUser | Operation: AuthWebService.registerUser(..) | Parameters: [RegisterRequest(username=lucas, password=1234)] | Execution Time: 161ms
2025-11-30 16:35:36.155 | INFO  | Timestamp: 2025-11-30 16:35:35.800 | User: anonymousUser | Operation: AuthWebService.authenticateUser(..) | Parameters: [LoginRequest(username=lucas, password=1234)] | Execution Time: 355ms
2025-11-30 16:35:45.067 | ERROR | Timestamp: 2025-11-30 16:35:44.057 | User: lucas | Operation: TeamController.getTeamWithPlayers(..) | Parameters: [30177] | Execution Time: 1010ms | Status: FAILED | Error: Transaction silently rolled back because it has been marked as rollback-only
2025-11-30 16:38:09.196 | INFO  | Timestamp: 2025-11-30 16:38:09.021 | User: anonymousUser | Operation: AuthWebService.registerUser(..) | Parameters: [RegisterRequest(username=lucas, password=1234)] | Execution Time: 169ms
2025-11-30 16:38:12.101 | INFO  | Timestamp: 2025-11-30 16:38:11.772 | User: anonymousUser | Operation: AuthWebService.authenticateUser(..) | Parameters: [LoginRequest(username=lucas, password=1234)] | Execution Time: 329ms
2025-11-30 16:38:17.031 | ERROR | Timestamp: 2025-11-30 16:38:16.413 | User: lucas | Operation: TeamController.getTeamWithPlayers(..) | Parameters: [30177] | Execution Time: 615ms | Status: FAILED | Error: Transaction silently rolled back because it has been marked as rollback-only
2025-11-30 16:57:24.164 | INFO  | Timestamp: 2025-11-30 16:57:23.983 | User: anonymousUser | Operation: AuthWebService.registerUser(..) | Parameters: [RegisterRequest(username=lucas, password=1234)] | Execution Time: 179ms
2025-11-30 16:57:28.781 | INFO  | Timestamp: 2025-11-30 16:57:28.408 | User: anonymousUser | Operation: AuthWebService.authenticateUser(..) | Parameters: [LoginRequest(username=lucas, password=1234)] | Execution Time: 373ms
2025-11-30 16:57:38.064 | INFO  | Timestamp: 2025-11-30 16:57:36.817 | User: lucas | Operation: TeamController.getTeamWithPlayers(..) | Parameters: [30177] | Execution Time: 1247ms
2025-11-30 16:57:47.991 | ERROR | Timestamp: 2025-11-30 16:57:47.394 | User: lucas | Operation: TeamController.getNextMatches(..) | Parameters: [30177] | Execution Time: 594ms | Status: FAILED | Error: JSONArray[22] is not a String (class org.json.JSONObject$Null : null).
2025-11-30 17:03:01.919 | ERROR | Timestamp: 2025-11-30 17:03:01.151 | User: lucas | Operation: TeamController.getNextMatches(..) | Parameters: [30177] | Execution Time: 766ms | Status: FAILED | Error: JSONArray[22] is not a String (class org.json.JSONObject$Null : null).
2025-11-30 17:04:02.917 | INFO  | Timestamp: 2025-11-30 17:04:02.725 | User: anonymousUser | Operation: AuthWebService.registerUser(..) | Parameters: [RegisterRequest(username=lucas, password=1234)] | Execution Time: 190ms
2025-11-30 17:04:05.931 | INFO  | Timestamp: 2025-11-30 17:04:05.466 | User: anonymousUser | Operation: AuthWebService.authenticateUser(..) | Parameters: [LoginRequest(username=lucas, password=1234)] | Execution Time: 465ms
2025-11-30 17:04:10.862 | ERROR | Timestamp: 2025-11-30 17:04:08.419 | User: lucas | Operation: TeamController.getNextMatches(..) | Parameters: [30177] | Execution Time: 2441ms | Status: FAILED | Error: could not execute statement [Violaci贸n de indice de Unicidad 贸 Clave primaria: "PUBLIC.CONSTRAINT_INDEX_4 ON PUBLIC.TEAMS(NAME NULLS FIRST) VALUES ( /* 30177 */ '' )"
Unique index or primary key violation: "PUBLIC.CONSTRAINT_INDEX_4 ON PUBLIC.TEAMS(NAME NULLS FIRST) VALUES ( /* 30177 */ '' )"; SQL statement:
insert into teams (country,last_updated,last_updated_matches,name,id) values (?,?,?,?,?) [23505-232]] [insert into teams (country,last_updated,last_updated_matches,name,id) values (?,?,?,?,?)]; SQL [insert into teams (country,last_updated,last_updated_matches,name,id) values (?,?,?,?,?)]; constraint [PUBLIC.CONSTRAINT_INDEX_4]
2025-11-30 17:08:08.152 | ERROR | Timestamp: 2025-11-30 17:08:08.064 | User: lucas | Operation: TeamController.getTeamWithPlayers(..) | Parameters: [30177] | Execution Time: 88ms | Status: FAILED | Error: Transaction silently rolled back because it has been marked as rollback-only
2025-11-30 17:09:12.357 | INFO  | Timestamp: 2025-11-30 17:09:12.177 | User: anonymousUser | Operation: AuthWebService.registerUser(..) | Parameters: [RegisterRequest(username=lucas, password=1234)] | Execution Time: 178ms
2025-11-30 17:09:15.765 | INFO  | Timestamp: 2025-11-30 17:09:15.432 | User: anonymousUser | Operation: AuthWebService.authenticateUser(..) | Parameters: [LoginRequest(username=lucas, password=1234)] | Execution Time: 333ms
2025-11-30 17:09:24.716 | INFO  | Timestamp: 2025-11-30 17:09:23.625 | User: lucas | Operation: TeamController.getTeamWithPlayers(..) | Parameters: [30177] | Execution Time: 1091ms
2025-11-30 17:09:27.427 | INFO  | Timestamp: 2025-11-30 17:09:27.414 | User: lucas | Operation: TeamController.getTeamWithPlayers(..) | Parameters: [30177] | Execution Time: 13ms
2025-11-30 17:10:46.778 | INFO  | Timestamp: 2025-11-30 17:10:46.609 | User: anonymousUser | Operation: AuthWebService.registerUser(..) | Parameters: [RegisterRequest(username=lucas, password=1234)] | Execution Time: 169ms
2025-11-30 17:10:49.975 | INFO  | Timestamp: 2025-11-30 17:10:49.640 | User: anonymousUser | Operation: AuthWebService.authenticateUser(..) | Parameters: [LoginRequest(username=lucas, password=1234)] | Execution Time: 335ms
2025-11-30 17:10:55.907 | INFO  | Timestamp: 2025-11-30 17:10:54.863 | User: lucas | Operation: TeamController.getTeamWithPlayers(..) | Parameters: [30177] | Execution Time: 1044ms
2025-11-30 17:12:00.999 | INFO  | Timestamp: 2025-11-30 17:12:00.812 | User: anonymousUser | Operation: AuthWebService.registerUser(..) | Parameters: [RegisterRequest(username=lucas, password=1234)] | Execution Time: 184ms
2025-11-30 17:12:04.608 | INFO  | Timestamp: 2025-11-30 17:12:04.259 | User: anonymousUser | Operation: AuthWebService.authenticateUser(..) | Parameters: [LoginRequest(username=lucas, password=1234)] | Execution Time: 349ms
2025-11-30 17:12:09.632 | ERROR | Timestamp: 2025-11-30 17:12:08.566 | User: lucas | Operation: TeamController.getTeamWithPlayers(..) | Parameters: [30177] | Execution Time: 1062ms | Status: FAILED | Error: null
2025-11-30 17:13:40.151 | INFO  | Timestamp: 2025-11-30 17:13:39.972 | User: anonymousUser | Operation: AuthWebService.registerUser(..) | Parameters: [RegisterRequest(username=lucas, password=1234)] | Execution Time: 179ms
2025-11-30 17:13:43.023 | INFO  | Timestamp: 2025-11-30 17:13:42.682 | User: anonymousUser | Operation: AuthWebService.authenticateUser(..) | Parameters: [LoginRequest(username=lucas, password=1234)] | Execution Time: 341ms
2025-11-30 17:13:49.798 | ERROR | Timestamp: 2025-11-30 17:13:48.776 | User: lucas | Operation: TeamController.getTeamWithPlayers(..) | Parameters: [30177] | Execution Time: 1019ms | Status: FAILED | Error: null
2025-11-30 17:15:49.935 | INFO  | Timestamp: 2025-11-30 17:15:49.760 | User: anonymousUser | Operation: AuthWebService.registerUser(..) | Parameters: [RegisterRequest(username=lucas, password=1234)] | Execution Time: 173ms
2025-11-30 17:15:52.262 | INFO  | Timestamp: 2025-11-30 17:15:52.253 | User: anonymousUser | Operation: AuthWebService.registerUser(..) | Parameters: [RegisterRequest(username=lucas, password=1234)] | Execution Time: 9ms
2025-11-30 17:15:58.220 | ERROR | Timestamp: 2025-11-30 17:15:57.046 | User: lucas | Operation: TeamController.getTeamWithPlayers(..) | Parameters: [30177] | Execution Time: 1169ms | Status: FAILED | Error: null
2025-11-30 17:25:36.946 | INFO  | Timestamp: 2025-11-30 17:25:36.772 | User: anonymousUser | Operation: AuthWebService.registerUser(..) | Parameters: [RegisterRequest(username=lucas, password=1234)] | Execution Time: 173ms
2025-11-30 17:25:39.994 | INFO  | Timestamp: 2025-11-30 17:25:39.647 | User: anonymousUser | Operation: AuthWebService.authenticateUser(..) | Parameters: [LoginRequest(username=lucas, password=1234)] | Execution Time: 347ms
2025-11-30 17:25:47.098 | INFO  | Timestamp: 2025-11-30 17:25:45.541 | User: lucas | Operation: TeamController.getTeamWithPlayers(..) | Parameters: [30177] | Execution Time: 1557ms
2025-11-30 17:26:05.060 | INFO  | Timestamp: 2025-11-30 17:25:52.399 | User: lucas | Operation: TeamController.getNextMatches(..) | Parameters: [30177] | Execution Time: 12661ms
2025-11-30 17:26:08.688 | INFO  | Timestamp: 2025-11-30 17:26:08.676 | User: lucas | Operation: TeamController.getNextMatches(..) | Parameters: [30177] | Execution Time: 12ms
2025-11-30 17:26:18.215 | INFO  | Timestamp: 2025-11-30 17:26:17.080 | User: lucas | Operation: TeamController.predictMatch(..) | Parameters: [346, 409] | Execution Time: 1135ms
2025-11-30 17:26:48.018 | INFO  | Timestamp: 2025-11-30 17:26:32.198 | User: lucas | Operation: TeamController.getNextMatches(..) | Parameters: [890] | Execution Time: 15820ms
2025-11-30 17:26:59.103 | INFO  | Timestamp: 2025-11-30 17:26:59.088 | User: lucas | Operation: TeamController.getNextMatches(..) | Parameters: [890] | Execution Time: 15ms
2025-11-30 17:27:01.436 | INFO  | Timestamp: 2025-11-30 17:27:01.421 | User: lucas | Operation: TeamController.getNextMatches(..) | Parameters: [890] | Execution Time: 15ms
2025-11-30 17:27:16.960 | INFO  | Timestamp: 2025-11-30 17:27:13.099 | User: lucas | Operation: TeamController.getNextMatches(..) | Parameters: [889] | Execution Time: 3861ms
2025-11-30 17:28:22.478 | INFO  | Timestamp: 2025-11-30 17:28:17.265 | User: lucas | Operation: TeamController.getNextMatches(..) | Parameters: [905] | Execution Time: 5213ms
2025-11-30 17:35:07.103 | INFO  | Timestamp: 2025-11-30 17:35:07.036 | User: lucas | Operation: TeamController.getNextMatches(..) | Parameters: [889] | Execution Time: 64ms
2025-11-30 17:35:57.338 | INFO  | Timestamp: 2025-11-30 17:35:57.326 | User: lucas | Operation: TeamController.getNextMatches(..) | Parameters: [890] | Execution Time: 12ms
2025-11-30 17:57:50.451 | INFO  | Timestamp: 2025-11-30 17:57:50.163 | User: anonymousUser | Operation: AuthWebService.registerUser(..) | Parameters: [RegisterRequest(username=lucas, password=1234)] | Execution Time: 283ms
2025-11-30 17:57:54.152 | INFO  | Timestamp: 2025-11-30 17:57:53.705 | User: anonymousUser | Operation: AuthWebService.authenticateUser(..) | Parameters: [LoginRequest(username=lucas, password=1234)] | Execution Time: 447ms
2025-11-30 17:58:02.610 | ERROR | Timestamp: 2025-11-30 17:58:00.337 | User: lucas | Operation: TeamController.getNextMatches(..) | Parameters: [890] | Execution Time: 2270ms | Status: FAILED | Error: JSONArray[33] not found.
2025-11-30 18:04:07.623 | INFO  | Timestamp: 2025-11-30 18:04:07.275 | User: anonymousUser | Operation: AuthWebService.registerUser(..) | Parameters: [RegisterRequest(username=lucas, password=1234)] | Execution Time: 347ms
2025-11-30 18:04:43.907 | INFO  | Timestamp: 2025-11-30 18:04:43.409 | User: anonymousUser | Operation: AuthWebService.authenticateUser(..) | Parameters: [LoginRequest(username=lucas, password=1234)] | Execution Time: 498ms
2025-11-30 18:04:50.561 | INFO  | Timestamp: 2025-11-30 18:04:48.388 | User: lucas | Operation: TeamController.getTeamWithPlayers(..) | Parameters: [30177] | Execution Time: 2173ms
2025-11-30 18:04:57.190 | ERROR | Timestamp: 2025-11-30 18:04:55.826 | User: lucas | Operation: TeamController.getNextMatches(..) | Parameters: [890] | Execution Time: 1359ms | Status: FAILED | Error: JSONArray[31] is not a int (class org.json.JSONObject$Null : null).
2025-11-30 18:06:47.718 | INFO  | Timestamp: 2025-11-30 18:06:47.384 | User: anonymousUser | Operation: AuthWebService.registerUser(..) | Parameters: [RegisterRequest(username=lucas, password=1234)] | Execution Time: 330ms
2025-11-30 18:06:49.178 | INFO  | Timestamp: 2025-11-30 18:06:48.465 | User: anonymousUser | Operation: AuthWebService.authenticateUser(..) | Parameters: [LoginRequest(username=lucas, password=1234)] | Execution Time: 713ms
2025-11-30 18:07:13.899 | INFO  | Timestamp: 2025-11-30 18:06:56.573 | User: lucas | Operation: TeamController.getNextMatches(..) | Parameters: [890] | Execution Time: 17326ms
2025-11-30 18:12:31.116 | INFO  | Timestamp: 2025-11-30 18:12:30.886 | User: anonymousUser | Operation: AuthWebService.registerUser(..) | Parameters: [RegisterRequest(username=lucas, password=1234)] | Execution Time: 227ms
2025-11-30 18:12:33.753 | INFO  | Timestamp: 2025-11-30 18:12:33.741 | User: anonymousUser | Operation: AuthWebService.registerUser(..) | Parameters: [RegisterRequest(username=lucas, password=1234)] | Execution Time: 12ms
2025-11-30 18:12:57.724 | INFO  | Timestamp: 2025-11-30 18:12:39.579 | User: lucas | Operation: TeamController.getNextMatches(..) | Parameters: [890] | Execution Time: 18144ms
2025-11-30 18:38:20.431 | INFO  | Timestamp: 2025-11-30 18:38:19.902 | User: anonymousUser | Operation: AuthWebService.registerUser(..) | Parameters: [RegisterRequest(username=lucas, password=1234)] | Execution Time: 524ms
2025-11-30 18:38:22.860 | INFO  | Timestamp: 2025-11-30 18:38:22.397 | User: anonymousUser | Operation: AuthWebService.authenticateUser(..) | Parameters: [LoginRequest(username=lucas, password=1234)] | Execution Time: 463ms
2025-11-30 18:39:21.932 | INFO  | Timestamp: 2025-11-30 18:39:20.373 | User: lucas | Operation: TeamController.getTeamStats(..) | Parameters: [346] | Execution Time: 1559ms
2025-11-30 18:47:14.655 | INFO  | Timestamp: 2025-11-30 18:47:14.353 | User: anonymousUser | Operation: AuthWebService.registerUser(..) | Parameters: [RegisterRequest(username=lucas, password=1234)] | Execution Time: 297ms
2025-11-30 18:47:14.718 | ERROR | Timestamp: 2025-11-30 18:47:14.353 | User: anonymousUser | Operation: AuthWebService.registerUser(..) | Parameters: [RegisterRequest(username=lucas, password=1234)] | Execution Time: 357ms | Status: FAILED | Error: could not execute statement [Violaci贸n de indice de Unicidad 贸 Clave primaria: "PUBLIC.CONSTRAINT_INDEX_4D ON PUBLIC.USERS(USERNAME NULLS FIRST) VALUES ( /* 4 */ 'lucas' )"
Unique index or primary key violation: "PUBLIC.CONSTRAINT_INDEX_4D ON PUBLIC.USERS(USERNAME NULLS FIRST) VALUES ( /* 4 */ 'lucas' )"; SQL statement:
insert into users (password_hash,username,id) values (?,?,default) [23505-232]] [insert into users (password_hash,username,id) values (?,?,default)]; SQL [insert into users (password_hash,username,id) values (?,?,default)]; constraint [PUBLIC.CONSTRAINT_INDEX_4D]
2025-11-30 18:47:14.718 | ERROR | Timestamp: 2025-11-30 18:47:14.353 | User: anonymousUser | Operation: AuthWebService.registerUser(..) | Parameters: [RegisterRequest(username=lucas, password=1234)] | Execution Time: 357ms | Status: FAILED | Error: could not execute statement [Violaci贸n de indice de Unicidad 贸 Clave primaria: "PUBLIC.CONSTRAINT_INDEX_4D ON PUBLIC.USERS(USERNAME NULLS FIRST) VALUES ( /* 4 */ 'lucas' )"
Unique index or primary key violation: "PUBLIC.CONSTRAINT_INDEX_4D ON PUBLIC.USERS(USERNAME NULLS FIRST) VALUES ( /* 4 */ 'lucas' )"; SQL statement:
insert into users (password_hash,username,id) values (?,?,default) [23505-232]] [insert into users (password_hash,username,id) values (?,?,default)]; SQL [insert into users (password_hash,username,id) values (?,?,default)]; constraint [PUBLIC.CONSTRAINT_INDEX_4D]
2025-11-30 18:47:18.088 | INFO  | Timestamp: 2025-11-30 18:47:18.071 | User: anonymousUser | Operation: AuthWebService.registerUser(..) | Parameters: [RegisterRequest(username=lucas, password=1234)] | Execution Time: 17ms
2025-11-30 18:47:23.577 | INFO  | Timestamp: 2025-11-30 18:47:23.162 | User: anonymousUser | Operation: AuthWebService.authenticateUser(..) | Parameters: [LoginRequest(username=lucas, password=1234)] | Execution Time: 415ms
2025-11-30 18:48:08.946 | ERROR | Timestamp: 2025-11-30 18:48:06.462 | User: lucas | Operation: TeamController.getTeamStats(..) | Parameters: [346] | Execution Time: 2484ms | Status: FAILED | Error: For input string: "*1"
2025-11-30 18:53:54.556 | INFO  | Timestamp: 2025-11-30 18:53:54.298 | User: anonymousUser | Operation: AuthWebService.registerUser(..) | Parameters: [RegisterRequest(username=lucas, password=1234)] | Execution Time: 255ms
2025-11-30 18:53:57.344 | INFO  | Timestamp: 2025-11-30 18:53:56.851 | User: anonymousUser | Operation: AuthWebService.authenticateUser(..) | Parameters: [LoginRequest(username=lucas, password=1234)] | Execution Time: 493ms
2025-11-30 18:54:10.689 | INFO  | Timestamp: 2025-11-30 18:54:01.846 | User: lucas | Operation: TeamController.getTeamStats(..) | Parameters: [346] | Execution Time: 8844ms
2025-11-30 18:54:17.397 | INFO  | Timestamp: 2025-11-30 18:54:17.353 | User: lucas | Operation: TeamController.getTeamStats(..) | Parameters: [346] | Execution Time: 44ms
2025-11-30 19:00:24.736 | INFO  | Timestamp: 2025-11-30 19:00:24.497 | User: anonymousUser | Operation: AuthWebService.registerUser(..) | Parameters: [RegisterRequest(username=lucas, password=1234)] | Execution Time: 237ms
2025-11-30 19:00:27.928 | INFO  | Timestamp: 2025-11-30 19:00:27.449 | User: anonymousUser | Operation: AuthWebService.authenticateUser(..) | Parameters: [LoginRequest(username=lucas, password=1234)] | Execution Time: 479ms
2025-11-30 19:00:44.485 | INFO  | Timestamp: 2025-11-30 19:00:33.129 | User: lucas | Operation: TeamController.getTeamStats(..) | Parameters: [346] | Execution Time: 11356ms
2025-11-30 19:00:59.466 | INFO  | Timestamp: 2025-11-30 19:00:58.797 | User: lucas | Operation: TeamController.getTeamFromFootballData(..) | Parameters: [Brazil] | Execution Time: 669ms
2025-11-30 19:18:06.080 | INFO  | Timestamp: 2025-11-30 19:18:05.889 | User: anonymousUser | Operation: AuthWebService.registerUser(..) | Parameters: [RegisterRequest(username=lucas, password=1234)] | Execution Time: 190ms
2025-11-30 19:18:13.379 | INFO  | Timestamp: 2025-11-30 19:18:12.939 | User: anonymousUser | Operation: AuthWebService.authenticateUser(..) | Parameters: [LoginRequest(username=lucas, password=1234)] | Execution Time: 440ms
2025-11-30 19:18:29.494 | INFO  | Timestamp: 2025-11-30 19:18:18.682 | User: lucas | Operation: TeamController.getTeamStats(..) | Parameters: [346] | Execution Time: 10812ms
2025-11-30 19:24:37.716 | INFO  | Timestamp: 2025-11-30 19:24:37.476 | User: anonymousUser | Operation: AuthWebService.registerUser(..) | Parameters: [RegisterRequest(username=lucas, password=1234)] | Execution Time: 236ms
2025-11-30 19:24:41.568 | INFO  | Timestamp: 2025-11-30 19:24:41.113 | User: anonymousUser | Operation: AuthWebService.authenticateUser(..) | Parameters: [LoginRequest(username=lucas, password=1234)] | Execution Time: 455ms
2025-11-30 19:24:56.960 | INFO  | Timestamp: 2025-11-30 19:24:45.849 | User: lucas | Operation: TeamController.getTeamStats(..) | Parameters: [346] | Execution Time: 11111ms
2025-11-30 19:30:46.217 | INFO  | Timestamp: 2025-11-30 19:30:46.097 | User: lucas | Operation: TeamController.getTeamWithPlayers(..) | Parameters: [346] | Execution Time: 119ms
2025-11-30 19:42:09.565 | INFO  | Timestamp: 2025-11-30 19:42:09.345 | User: anonymousUser | Operation: AuthWebService.registerUser(..) | Parameters: [RegisterRequest(username=lucas, password=1234)] | Execution Time: 218ms
2025-11-30 19:42:12.495 | INFO  | Timestamp: 2025-11-30 19:42:12.074 | User: anonymousUser | Operation: AuthWebService.authenticateUser(..) | Parameters: [LoginRequest(username=lucas, password=1234)] | Execution Time: 421ms
2025-11-30 19:42:29.830 | INFO  | Timestamp: 2025-11-30 19:42:18.552 | User: lucas | Operation: TeamController.getTeamStats(..) | Parameters: [346] | Execution Time: 11278ms
2025-11-30 19:42:42.415 | INFO  | Timestamp: 2025-11-30 19:42:42.398 | User: lucas | Operation: TeamController.getTeamWithPlayers(..) | Parameters: [346] | Execution Time: 17ms
2025-11-30 19:45:09.921 | INFO  | Timestamp: 2025-11-30 19:45:09.540 | User: lucas | Operation: TeamController.searchTeams(..) | Parameters: [bayern] | Execution Time: 382ms
2025-11-30 19:45:37.667 | ERROR | Timestamp: 2025-11-30 19:45:17.924 | User: lucas | Operation: TeamController.getTeamStats(..) | Parameters: [37] | Execution Time: 19743ms | Status: FAILED | Error: JSONObject["teams"] not found.
2025-11-30 21:10:54.432 | INFO  | Timestamp: 2025-11-30 21:10:54.173 | User: anonymousUser | Operation: AuthWebService.registerUser(..) | Parameters: [RegisterRequest(username=lucas, password=1234)] | Execution Time: 256ms
2025-11-30 21:10:59.730 | INFO  | Timestamp: 2025-11-30 21:10:59.193 | User: anonymousUser | Operation: AuthWebService.authenticateUser(..) | Parameters: [LoginRequest(username=lucas, password=1234)] | Execution Time: 537ms
2025-11-30 21:11:30.030 | ERROR | Timestamp: 2025-11-30 21:11:07.577 | User: lucas | Operation: TeamController.getTeamStats(..) | Parameters: [37] | Execution Time: 22449ms | Status: FAILED | Error: JSONObject["teams"] not found.
2025-11-30 21:11:49.774 | ERROR | Timestamp: 2025-11-30 21:11:42.893 | User: lucas | Operation: TeamController.getTeamStats(..) | Parameters: [346] | Execution Time: 6881ms | Status: FAILED | Error: JSONObject["teams"] not found.
2025-11-30 21:13:23.599 | INFO  | Timestamp: 2025-11-30 21:13:17.791 | User: lucas | Operation: TeamController.getTeamStats(..) | Parameters: [346] | Execution Time: 5807ms
2025-11-30 21:15:34.901 | ERROR | Timestamp: 2025-11-30 21:15:28.106 | User: lucas | Operation: TeamController.compareTeams(..) | Parameters: [346, 406] | Execution Time: 6794ms | Status: FAILED | Error: JSONObject["teams"] not found.
2025-11-30 21:27:57.526 | INFO  | Timestamp: 2025-11-30 21:27:57.300 | User: anonymousUser | Operation: AuthWebService.registerUser(..) | Parameters: [RegisterRequest(username=lucas, password=1234)] | Execution Time: 223ms
2025-11-30 21:27:57.559 | ERROR | Timestamp: 2025-11-30 21:27:57.300 | User: anonymousUser | Operation: AuthWebService.registerUser(..) | Parameters: [RegisterRequest(username=lucas, password=1234)] | Execution Time: 254ms | Status: FAILED | Error: could not execute statement [Violaci贸n de indice de Unicidad 贸 Clave primaria: "PUBLIC.CONSTRAINT_INDEX_4D ON PUBLIC.USERS(USERNAME NULLS FIRST) VALUES ( /* 3 */ 'lucas' )"
Unique index or primary key violation: "PUBLIC.CONSTRAINT_INDEX_4D ON PUBLIC.USERS(USERNAME NULLS FIRST) VALUES ( /* 3 */ 'lucas' )"; SQL statement:
insert into users (password_hash,username,id) values (?,?,default) [23505-232]] [insert into users (password_hash,username,id) values (?,?,default)]; SQL [insert into users (password_hash,username,id) values (?,?,default)]; constraint [PUBLIC.CONSTRAINT_INDEX_4D]
2025-11-30 21:27:57.559 | ERROR | Timestamp: 2025-11-30 21:27:57.300 | User: anonymousUser | Operation: AuthWebService.registerUser(..) | Parameters: [RegisterRequest(username=lucas, password=1234)] | Execution Time: 254ms | Status: FAILED | Error: could not execute statement [Violaci贸n de indice de Unicidad 贸 Clave primaria: "PUBLIC.CONSTRAINT_INDEX_4D ON PUBLIC.USERS(USERNAME NULLS FIRST) VALUES ( /* 3 */ 'lucas' )"
Unique index or primary key violation: "PUBLIC.CONSTRAINT_INDEX_4D ON PUBLIC.USERS(USERNAME NULLS FIRST) VALUES ( /* 3 */ 'lucas' )"; SQL statement:
insert into users (password_hash,username,id) values (?,?,default) [23505-232]] [insert into users (password_hash,username,id) values (?,?,default)]; SQL [insert into users (password_hash,username,id) values (?,?,default)]; constraint [PUBLIC.CONSTRAINT_INDEX_4D]
2025-11-30 21:28:02.686 | INFO  | Timestamp: 2025-11-30 21:28:02.269 | User: anonymousUser | Operation: AuthWebService.authenticateUser(..) | Parameters: [LoginRequest(username=lucas, password=1234)] | Execution Time: 416ms
2025-11-30 21:28:26.356 | ERROR | Timestamp: 2025-11-30 21:28:09.571 | User: lucas | Operation: TeamController.compareTeams(..) | Parameters: [346, 406] | Execution Time: 16784ms | Status: FAILED | Error: JSONObject["teams"] not found.
2025-11-30 21:48:56.776 | INFO  | Timestamp: 2025-11-30 21:48:46.798 | User: lucas | Operation: TeamController.compareTeams(..) | Parameters: [346, 346] | Execution Time: 9977ms
